Build started 2017-09-09 16:16:03.
     1>Project "C:\Users\kfigon\Desktop\uczelnia\mgr\repoMgr\again\Magisterka\Viterbi_cepuszpusz\Viterbi_cepuszpusz.vcxproj" on node 4 (Rebuild target(s)).
     1>ClCompile:
         C:\Program Files (x86)\Microsoft Visual Studio 12.0\VC\bin\x86_amd64\CL.exe /c /Zi /nologo /W3 /WX- /sdl /O2 /Oi /GL /D _MBCS /Gm- /EHsc /MD /GS /Gy /fp:precise /Zc:wchar_t /Zc:forScope /Fo"x64\Release\\" /Fd"x64\Release\vc120.pdb" /Gd /TP /errorReport:prompt viterbi.cpp viterbi_main.cpp viterbi_test.cpp
         viterbi.cpp
     1>viterbi.cpp(61): warning C4267: 'return' : conversion from 'size_t' to 'int', possible loss of data
     1>viterbi.cpp(183): warning C4244: 'initializing' : conversion from '__int64' to 'int', possible loss of data
     1>viterbi.cpp(184): warning C4267: 'initializing' : conversion from 'size_t' to 'int', possible loss of data
         viterbi_main.cpp
         viterbi_test.cpp
       Link:
         C:\Program Files (x86)\Microsoft Visual Studio 12.0\VC\bin\x86_amd64\link.exe /ERRORREPORT:PROMPT /OUT:"C:\Users\kfigon\Desktop\uczelnia\mgr\repoMgr\again\Magisterka\x64\Release\Viterbi_cepuszpusz.exe" /NOLOGO kernel32.lib user32.lib gdi32.lib winspool.lib comdlg32.lib advapi32.lib shell32.lib ole32.lib oleaut32.lib uuid.lib odbc32.lib odbccp32.lib /MANIFEST /MANIFESTUAC:"level='asInvoker' uiAccess='false'" /manifest:embed /DEBUG /PDB:"C:\Users\kfigon\Desktop\uczelnia\mgr\repoMgr\again\Magisterka\x64\Release\Viterbi_cepuszpusz.pdb" /OPT:REF /OPT:ICF /LTCG /TLBID:1 /DYNAMICBASE /NXCOMPAT /IMPLIB:"C:\Users\kfigon\Desktop\uczelnia\mgr\repoMgr\again\Magisterka\x64\Release\Viterbi_cepuszpusz.lib" /MACHINE:X64 x64\Release\viterbi.obj
         x64\Release\viterbi_main.obj
         x64\Release\viterbi_test.obj
         Generating code
         Finished generating code
         Viterbi_cepuszpusz.vcxproj -> C:\Users\kfigon\Desktop\uczelnia\mgr\repoMgr\again\Magisterka\x64\Release\Viterbi_cepuszpusz.exe
     1>Done Building Project "C:\Users\kfigon\Desktop\uczelnia\mgr\repoMgr\again\Magisterka\Viterbi_cepuszpusz\Viterbi_cepuszpusz.vcxproj" (Rebuild target(s)).

Build succeeded.

Time Elapsed 00:00:07.80
