Build started 2017-07-29 16:30:00.
     1>Project "C:\Users\kfigon\Desktop\uczelnia\mgr\repoMgr\again\Magisterka\Viterbi\Viterbi.vcxproj" on node 2 (Build target(s)).
     1>ClCompile:
         C:\Program Files (x86)\Microsoft Visual Studio 12.0\VC\bin\CL.exe /c /Zi /nologo /W3 /WX- /sdl /O2 /Oi /Oy- /GL /D _MBCS /Gm- /EHsc /MD /GS /Gy /fp:precise /Zc:wchar_t /Zc:forScope /Fo"Release\\" /Fd"Release\vc120.pdb" /Gd /TP /analyze- /errorReport:prompt viterbi.cpp
         viterbi.cpp
     1>viterbi.cpp(42): warning C4305: '=' : truncation from 'double' to 'float'
     1>viterbi.cpp(99): warning C4244: '=' : conversion from 'int' to 'float', possible loss of data
     1>viterbi.cpp(100): warning C4244: '=' : conversion from 'int' to 'float', possible loss of data
     1>viterbi.cpp(111): warning C4244: '=' : conversion from 'double' to 'float', possible loss of data
     1>viterbi.cpp(112): warning C4244: '=' : conversion from 'double' to 'float', possible loss of data
     1>viterbi.cpp(120): warning C4244: '=' : conversion from 'double' to 'float', possible loss of data
     1>viterbi.cpp(121): warning C4244: '=' : conversion from 'double' to 'float', possible loss of data
     1>viterbi.cpp(155): warning C4244: 'argument' : conversion from 'double' to 'float', possible loss of data
     1>viterbi.cpp(27): warning C4101: 'a' : unreferenced local variable
     1>viterbi.cpp(35): warning C4101: 'ed' : unreferenced local variable
     1>viterbi.cpp(32): warning C4101: 'err' : unreferenced local variable
     1>viterbi.cpp(33): warning C4101: 'op' : unreferenced local variable
     1>viterbi.cpp(26): warning C4101: 'jj' : unreferenced local variable
     1>viterbi.cpp(25): warning C4101: 'EbN0Lin' : unreferenced local variable
     1>viterbi.cpp(175): warning C4244: '=' : conversion from 'double' to 'float', possible loss of data
       Link:
         C:\Program Files (x86)\Microsoft Visual Studio 12.0\VC\bin\link.exe /ERRORREPORT:PROMPT /OUT:"C:\Users\kfigon\Desktop\uczelnia\mgr\repoMgr\again\Magisterka\Release\Viterbi.exe" /NOLOGO kernel32.lib user32.lib gdi32.lib winspool.lib comdlg32.lib advapi32.lib shell32.lib ole32.lib oleaut32.lib uuid.lib odbc32.lib odbccp32.lib /MANIFEST /MANIFESTUAC:"level='asInvoker' uiAccess='false'" /manifest:embed /DEBUG /PDB:"C:\Users\kfigon\Desktop\uczelnia\mgr\repoMgr\again\Magisterka\Release\Viterbi.pdb" /OPT:REF /OPT:ICF /LTCG /TLBID:1 /DYNAMICBASE /NXCOMPAT /IMPLIB:"C:\Users\kfigon\Desktop\uczelnia\mgr\repoMgr\again\Magisterka\Release\Viterbi.lib" /MACHINE:X86 /SAFESEH Release\viterbi.obj
         Generating code
         Finished generating code
         Viterbi.vcxproj -> C:\Users\kfigon\Desktop\uczelnia\mgr\repoMgr\again\Magisterka\Release\Viterbi.exe
     1>Done Building Project "C:\Users\kfigon\Desktop\uczelnia\mgr\repoMgr\again\Magisterka\Viterbi\Viterbi.vcxproj" (Build target(s)).

Build succeeded.

Time Elapsed 00:00:01.11
