Build started 2017-07-10 11:52:36.
     1>Project "C:\Users\kfigon\Desktop\uczelnia\mgr\repoMgr\again\Magisterka\Magisterka\Magisterka.vcxproj" on node 2 (Build target(s)).
     1>ClCompile:
         C:\Program Files (x86)\Microsoft Visual Studio 12.0\VC\bin\CL.exe /c /ZI /nologo /W3 /WX- /sdl /Od /Oy- /D _MBCS /Gm /EHsc /RTC1 /MDd /GS /fp:precise /Zc:wchar_t /Zc:forScope /Fo"Debug\\" /Fd"Debug\vc120.pdb" /Gd /TP /analyze- /errorReport:prompt GeneratorCiagow.cpp RejestrPrzesuwny.cpp Source.cpp SygnalZespolony.cpp
         Source.cpp
         RejestrPrzesuwny.cpp
     1>c:\users\kfigon\desktop\uczelnia\mgr\repomgr\again\magisterka\magisterka\rejestrprzesuwny.cpp(14): warning C4018: '<' : signed/unsigned mismatch
         GeneratorCiagow.cpp
         Generating Code...
         Compiling...
         SygnalZespolony.cpp
     1>c:\users\kfigon\desktop\uczelnia\mgr\repomgr\again\magisterka\magisterka\sygnalzespolony.cpp(23): warning C4018: '>=' : signed/unsigned mismatch
         Generating Code...
       Link:
         C:\Program Files (x86)\Microsoft Visual Studio 12.0\VC\bin\link.exe /ERRORREPORT:PROMPT /OUT:"C:\Users\kfigon\Desktop\uczelnia\mgr\repoMgr\again\Magisterka\Debug\Magisterka.exe" /INCREMENTAL /NOLOGO kernel32.lib user32.lib gdi32.lib winspool.lib comdlg32.lib advapi32.lib shell32.lib ole32.lib oleaut32.lib uuid.lib odbc32.lib odbccp32.lib /MANIFEST /MANIFESTUAC:"level='asInvoker' uiAccess='false'" /manifest:embed /DEBUG /PDB:"C:\Users\kfigon\Desktop\uczelnia\mgr\repoMgr\again\Magisterka\Debug\Magisterka.pdb" /TLBID:1 /DYNAMICBASE /NXCOMPAT /IMPLIB:"C:\Users\kfigon\Desktop\uczelnia\mgr\repoMgr\again\Magisterka\Debug\Magisterka.lib" /MACHINE:X86 Debug\FileReader.obj
         Debug\GeneratorCiagow.obj
         Debug\Korelator.obj
         Debug\Odbiornik.obj
         Debug\RejestrPrzesuwny.obj
         Debug\Source.obj
         Debug\Sygnal.obj
         Debug\SygnalZespolony.obj
         Magisterka.vcxproj -> C:\Users\kfigon\Desktop\uczelnia\mgr\repoMgr\again\Magisterka\Debug\Magisterka.exe
     1>Done Building Project "C:\Users\kfigon\Desktop\uczelnia\mgr\repoMgr\again\Magisterka\Magisterka\Magisterka.vcxproj" (Build target(s)).

Build succeeded.

Time Elapsed 00:00:03.07
